<?xml version="1.0" encoding="UTF-8"?>
<!-- Generated by org.testng.reporters.JUnitXMLReporter -->
<testsuite ignored="4" hostname="DESKTOP-U6C0UKJ" failures="0" tests="5" name="Surefire test" time="0.224" errors="0" timestamp="2023-04-27T14:15:42 EDT">
  <testcase classname="rahulshettyacademy.testcomponent.BaseTest" name="@BeforeTest launchApplication" time="0.016">
    <failure type="java.lang.NullPointerException" message="Cannot invoke &amp;quot;org.openqa.selenium.WebDriver.manage()&amp;quot; because &amp;quot;this.driver&amp;quot; is null">
      <![CDATA[java.lang.NullPointerException: Cannot invoke "org.openqa.selenium.WebDriver.manage()" because "this.driver" is null
at rahulshettyacademy.testcomponent.BaseTest.initializeDriver(BaseTest.java:70)
at rahulshettyacademy.testcomponent.BaseTest.launchApplication(BaseTest.java:96)
... Removed 27 stack frames]]>
    </failure>
  </testcase> <!-- @BeforeTest launchApplication -->
  <testcase classname="rahulshettyacademy.testcomponent.BaseTest" name="@AfterTest teardown" time="0.001">
    <failure type="java.lang.NullPointerException" message="Cannot invoke &amp;quot;org.openqa.selenium.WebDriver.close()&amp;quot; because &amp;quot;this.driver&amp;quot; is null">
      <![CDATA[java.lang.NullPointerException: Cannot invoke "org.openqa.selenium.WebDriver.close()" because "this.driver" is null
at rahulshettyacademy.testcomponent.BaseTest.teardown(BaseTest.java:103)
... Removed 27 stack frames]]>
    </failure>
  </testcase> <!-- @AfterTest teardown -->
  <testcase classname="rahulshettyacademy.tests.ErrorValidationTest" name="loginErrorValidation" time="0.0">
    <skipped/>
  </testcase> <!-- loginErrorValidation -->
  <testcase classname="rahulshettyacademy.tests.ErrorValidationTest" name="productErrorValidation" time="0.0">
    <skipped/>
  </testcase> <!-- productErrorValidation -->
  <testcase classname="rahulshettyacademy.tests.SubmitOrderTest" name="orderSubmitTest" time="0.0">
    <skipped/>
  </testcase> <!-- orderSubmitTest -->
  <testcase classname="rahulshettyacademy.tests.SubmitOrderTest" name="orderSubmitTest" time="0.0">
    <skipped/>
  </testcase> <!-- orderSubmitTest -->
  <testcase classname="rahulshettyacademy.tests.SubmitOrderTest" name="orderHistoryTest" time="0.0">
    <skipped/>
  </testcase> <!-- orderHistoryTest -->
  <testcase classname="rahulshettyacademy.testcomponent.BaseTest" name="@BeforeTest launchApplication" time="0.0">
    <ignored/>
  </testcase> <!-- @BeforeTest launchApplication -->
  <testcase classname="rahulshettyacademy.testcomponent.BaseTest" name="@AfterTest teardown" time="0.0">
    <ignored/>
  </testcase> <!-- @AfterTest teardown -->
  <testcase classname="rahulshettyacademy.testcomponent.BaseTest" name="@BeforeTest launchApplication" time="0.0">
    <ignored/>
  </testcase> <!-- @BeforeTest launchApplication -->
  <testcase classname="rahulshettyacademy.testcomponent.BaseTest" name="@AfterTest teardown" time="0.0">
    <ignored/>
  </testcase> <!-- @AfterTest teardown -->
</testsuite> <!-- Surefire test -->
